<?xml version="1.0" encoding="UTF-8"?>
<testng-results ignored="0" total="1" passed="1" failed="0" skipped="0">
  <reporter-output>
  </reporter-output>
  <suite started-at="2021-02-02T22:14:36 IST" name="Default suite" finished-at="2021-02-02T22:14:37 IST" duration-ms="975">
    <groups>
    </groups>
    <test started-at="2021-02-02T22:14:36 IST" name="Default test" finished-at="2021-02-02T22:14:37 IST" duration-ms="975">
      <class name="qaclickacademy.ExcelFile">
        <test-method signature="method()[pri:0, instance:qaclickacademy.ExcelFile@120f102b]" started-at="2021-02-02T22:14:36 IST" name="method" finished-at="2021-02-02T22:14:37 IST" duration-ms="892" status="PASS">
          <reporter-output>
          </reporter-output>
        </test-method> <!-- method -->
      </class> <!-- qaclickacademy.ExcelFile -->
    </test> <!-- Default test -->
  </suite> <!-- Default suite -->
</testng-results>
